0 info it worked if it ends with ok
1 verbose cli [ '/usr/bin/nodejs', '/usr/bin/npm', 'run', 'develop' ]
2 info using npm@3.8.3
3 info using node@v5.10.1
4 verbose run-script [ 'predevelop', 'develop', 'postdevelop' ]
5 info lifecycle wp-react-boilerplate@0.1.0~predevelop: wp-react-boilerplate@0.1.0
6 silly lifecycle wp-react-boilerplate@0.1.0~predevelop: no script for predevelop, continuing
7 info lifecycle wp-react-boilerplate@0.1.0~develop: wp-react-boilerplate@0.1.0
8 verbose lifecycle wp-react-boilerplate@0.1.0~develop: unsafe-perm in lifecycle true
9 verbose lifecycle wp-react-boilerplate@0.1.0~develop: PATH: /usr/lib/node_modules/npm/bin/node-gyp-bin:/home/truu/Documents/wp-react-boilerplate/node_modules/.bin:/usr/bin:/usr/local/sbin:/usr/local/bin:/usr/sbin:/usr/bin:/sbin:/bin:/usr/games:/usr/local/games:/usr/lib/jvm/java-8-oracle/bin:/usr/lib/jvm/java-8-oracle/db/bin:/usr/lib/jvm/java-8-oracle/jre/bin
10 verbose lifecycle wp-react-boilerplate@0.1.0~develop: CWD: /home/truu/Documents/wp-react-boilerplate
11 silly lifecycle wp-react-boilerplate@0.1.0~develop: Args: [ '-c', 'NODE_ENV=development node dev-server.js' ]
12 silly lifecycle wp-react-boilerplate@0.1.0~develop: Returned: code: 1  signal: null
13 info lifecycle wp-react-boilerplate@0.1.0~develop: Failed to exec develop script
14 verbose stack Error: wp-react-boilerplate@0.1.0 develop: `NODE_ENV=development node dev-server.js`
14 verbose stack Exit status 1
14 verbose stack     at EventEmitter.<anonymous> (/usr/lib/node_modules/npm/lib/utils/lifecycle.js:239:16)
14 verbose stack     at emitTwo (events.js:100:13)
14 verbose stack     at EventEmitter.emit (events.js:185:7)
14 verbose stack     at ChildProcess.<anonymous> (/usr/lib/node_modules/npm/lib/utils/spawn.js:24:14)
14 verbose stack     at emitTwo (events.js:100:13)
14 verbose stack     at ChildProcess.emit (events.js:185:7)
14 verbose stack     at maybeClose (internal/child_process.js:850:16)
14 verbose stack     at Process.ChildProcess._handle.onexit (internal/child_process.js:215:5)
15 verbose pkgid wp-react-boilerplate@0.1.0
16 verbose cwd /home/truu/Documents/wp-react-boilerplate
17 error Linux 3.19.0-58-generic
18 error argv "/usr/bin/nodejs" "/usr/bin/npm" "run" "develop"
19 error node v5.10.1
20 error npm  v3.8.3
21 error code ELIFECYCLE
22 error wp-react-boilerplate@0.1.0 develop: `NODE_ENV=development node dev-server.js`
22 error Exit status 1
23 error Failed at the wp-react-boilerplate@0.1.0 develop script 'NODE_ENV=development node dev-server.js'.
23 error Make sure you have the latest version of node.js and npm installed.
23 error If you do, this is most likely a problem with the wp-react-boilerplate package,
23 error not with npm itself.
23 error Tell the author that this fails on your system:
23 error     NODE_ENV=development node dev-server.js
23 error You can get information on how to open an issue for this project with:
23 error     npm bugs wp-react-boilerplate
23 error Or if that isn't available, you can get their info via:
23 error     npm owner ls wp-react-boilerplate
23 error There is likely additional logging output above.
24 verbose exit [ 1, true ]
